2022-11-11 14:34:08,008 - execution started
2022-11-11 14:34:08,008 - reading input data file
2022-11-11 14:34:10,028 - number unique listen entries: 168302
2022-11-11 14:34:10,029 - total number listen entries: 333034
2022-11-11 14:34:10,041 - total user: 333034, total tracks: 333034, total listen entries: 333034
2022-11-11 14:34:10,041 - initiating data load
2022-11-11 14:34:10,041 - insert ignore into users(user_name,added_on,user_hash) values (%s,%s,%s)
2022-11-11 14:34:28,621 - user data load exited with status:0
2022-11-11 14:34:28,622 - insert ignore into tracks(track_name,release_name,duration_mins,artist_name,track_hash) values (%s,%s,%s,%s,%s)
2022-11-11 14:34:49,557 - track data load exited with status:0
2022-11-11 14:34:49,557 - insert ignore into listen_temp(user_name,track_name,listend_at,listening_from,track_hash,user_hash,listen_hash) values (%s,%s,%s,%s,%s,%s,%s)
2022-11-11 14:35:13,517 - listen data load exited with status:0
2022-11-11 14:35:13,517 - initiating listen data processing
2022-11-11 14:35:13,517 - update listen_temp lt inner join users u on lt.user_hash = u.user_hash set lt.user_id = u.user_id;
2022-11-11 14:35:16,636 - data load exited with status: 0
2022-11-11 14:35:16,636 - update listen_temp lt inner join tracks t on lt.track_hash = t.track_hash set lt.track_id = t.track_id;
2022-11-11 14:35:20,186 - data load exited with status: 0
2022-11-11 14:35:20,186 - insert ignore into listens (user_id,track_id, listend_at,listening_from,listen_hash) (select user_id,track_id, listend_at,listening_from,listen_hash from listen_temp);
2022-11-11 14:35:23,604 - data load exited with status: []
2022-11-11 14:35:23,604 - truncate listen_temp
2022-11-11 14:35:23,650 - data load exited with status: 0
2022-11-11 14:35:23,650 - program completed successfully
